<?xml version="1.0" encoding="UTF-8"?>
<testsuites>
  <testsuite name="" tests="75" assertions="130" errors="0" warnings="0" failures="0" skipped="0" time="0.286156">
    <testsuite name="Project Test Suite" tests="75" assertions="130" errors="0" warnings="0" failures="0" skipped="0" time="0.286156">
      <testsuite name="App\Blackjack\BlackjackGameTest" file="/home/teophil/dbwebb-kurser/mvc/me/report/tests/Blackjack/BlackjackGameTest.php" tests="14" assertions="23" errors="0" warnings="0" failures="0" skipped="0" time="0.017681">
        <testcase name="testGameInitialization" class="App\Blackjack\BlackjackGameTest" classname="App.Blackjack.BlackjackGameTest" file="/home/teophil/dbwebb-kurser/mvc/me/report/tests/Blackjack/BlackjackGameTest.php" line="9" assertions="4" time="0.007983"/>
        <testcase name="testIsBust" class="App\Blackjack\BlackjackGameTest" classname="App.Blackjack.BlackjackGameTest" file="/home/teophil/dbwebb-kurser/mvc/me/report/tests/Blackjack/BlackjackGameTest.php" line="20" assertions="1" time="0.000850"/>
        <testcase name="testDealerPlay" class="App\Blackjack\BlackjackGameTest" classname="App.Blackjack.BlackjackGameTest" file="/home/teophil/dbwebb-kurser/mvc/me/report/tests/Blackjack/BlackjackGameTest.php" line="33" assertions="2" time="0.002404"/>
        <testcase name="testStand" class="App\Blackjack\BlackjackGameTest" classname="App.Blackjack.BlackjackGameTest" file="/home/teophil/dbwebb-kurser/mvc/me/report/tests/Blackjack/BlackjackGameTest.php" line="44" assertions="1" time="0.000449"/>
        <testcase name="testPlayerStatus" class="App\Blackjack\BlackjackGameTest" classname="App.Blackjack.BlackjackGameTest" file="/home/teophil/dbwebb-kurser/mvc/me/report/tests/Blackjack/BlackjackGameTest.php" line="55" assertions="1" time="0.000490"/>
        <testcase name="testPlayerStatusf" class="App\Blackjack\BlackjackGameTest" classname="App.Blackjack.BlackjackGameTest" file="/home/teophil/dbwebb-kurser/mvc/me/report/tests/Blackjack/BlackjackGameTest.php" line="69" assertions="1" time="0.000954"/>
        <testcase name="testReset" class="App\Blackjack\BlackjackGameTest" classname="App.Blackjack.BlackjackGameTest" file="/home/teophil/dbwebb-kurser/mvc/me/report/tests/Blackjack/BlackjackGameTest.php" line="85" assertions="5" time="0.000633"/>
        <testcase name="testRemovePlayer" class="App\Blackjack\BlackjackGameTest" classname="App.Blackjack.BlackjackGameTest" file="/home/teophil/dbwebb-kurser/mvc/me/report/tests/Blackjack/BlackjackGameTest.php" line="102" assertions="2" time="0.000552"/>
        <testcase name="testplayerbust" class="App\Blackjack\BlackjackGameTest" classname="App.Blackjack.BlackjackGameTest" file="/home/teophil/dbwebb-kurser/mvc/me/report/tests/Blackjack/BlackjackGameTest.php" line="113" assertions="1" time="0.000618"/>
        <testcase name="testdealerbust" class="App\Blackjack\BlackjackGameTest" classname="App.Blackjack.BlackjackGameTest" file="/home/teophil/dbwebb-kurser/mvc/me/report/tests/Blackjack/BlackjackGameTest.php" line="133" assertions="1" time="0.000583"/>
        <testcase name="testplayerwin" class="App\Blackjack\BlackjackGameTest" classname="App.Blackjack.BlackjackGameTest" file="/home/teophil/dbwebb-kurser/mvc/me/report/tests/Blackjack/BlackjackGameTest.php" line="153" assertions="1" time="0.000565"/>
        <testcase name="testplayerlose" class="App\Blackjack\BlackjackGameTest" classname="App.Blackjack.BlackjackGameTest" file="/home/teophil/dbwebb-kurser/mvc/me/report/tests/Blackjack/BlackjackGameTest.php" line="172" assertions="1" time="0.000498"/>
        <testcase name="testGetResults_PlayerDraws" class="App\Blackjack\BlackjackGameTest" classname="App.Blackjack.BlackjackGameTest" file="/home/teophil/dbwebb-kurser/mvc/me/report/tests/Blackjack/BlackjackGameTest.php" line="191" assertions="1" time="0.000494"/>
        <testcase name="testToString" class="App\Blackjack\BlackjackGameTest" classname="App.Blackjack.BlackjackGameTest" file="/home/teophil/dbwebb-kurser/mvc/me/report/tests/Blackjack/BlackjackGameTest.php" line="210" assertions="1" time="0.000609"/>
      </testsuite>
      <testsuite name="App\Blackjack\CardGraphicTest" file="/home/teophil/dbwebb-kurser/mvc/me/report/tests/Blackjack/CardGraphicTest.php" tests="2" assertions="5" errors="0" warnings="0" failures="0" skipped="0" time="0.001028">
        <testcase name="testCardGraphicCreation" class="App\Blackjack\CardGraphicTest" classname="App.Blackjack.CardGraphicTest" file="/home/teophil/dbwebb-kurser/mvc/me/report/tests/Blackjack/CardGraphicTest.php" line="9" assertions="3" time="0.000734"/>
        <testcase name="testString" class="App\Blackjack\CardGraphicTest" classname="App.Blackjack.CardGraphicTest" file="/home/teophil/dbwebb-kurser/mvc/me/report/tests/Blackjack/CardGraphicTest.php" line="17" assertions="2" time="0.000294"/>
      </testsuite>
      <testsuite name="App\Blackjack\CardTest" file="/home/teophil/dbwebb-kurser/mvc/me/report/tests/Blackjack/CardTest.php" tests="4" assertions="6" errors="0" warnings="0" failures="0" skipped="0" time="0.001270">
        <testcase name="testCardCreation" class="App\Blackjack\CardTest" classname="App.Blackjack.CardTest" file="/home/teophil/dbwebb-kurser/mvc/me/report/tests/Blackjack/CardTest.php" line="10" assertions="3" time="0.000279"/>
        <testcase name="testGetValueFace" class="App\Blackjack\CardTest" classname="App.Blackjack.CardTest" file="/home/teophil/dbwebb-kurser/mvc/me/report/tests/Blackjack/CardTest.php" line="18" assertions="1" time="0.000264"/>
        <testcase name="testGetValueAce" class="App\Blackjack\CardTest" classname="App.Blackjack.CardTest" file="/home/teophil/dbwebb-kurser/mvc/me/report/tests/Blackjack/CardTest.php" line="24" assertions="1" time="0.000360"/>
        <testcase name="testGetValueNumb" class="App\Blackjack\CardTest" classname="App.Blackjack.CardTest" file="/home/teophil/dbwebb-kurser/mvc/me/report/tests/Blackjack/CardTest.php" line="30" assertions="1" time="0.000366"/>
      </testsuite>
      <testsuite name="App\Blackjack\DeckTest" file="/home/teophil/dbwebb-kurser/mvc/me/report/tests/Blackjack/DeckTest.php" tests="2" assertions="3" errors="0" warnings="0" failures="0" skipped="0" time="0.095911">
        <testcase name="testDeck" class="App\Blackjack\DeckTest" classname="App.Blackjack.DeckTest" file="/home/teophil/dbwebb-kurser/mvc/me/report/tests/Blackjack/DeckTest.php" line="9" assertions="1" time="0.095460"/>
        <testcase name="testDraw" class="App\Blackjack\DeckTest" classname="App.Blackjack.DeckTest" file="/home/teophil/dbwebb-kurser/mvc/me/report/tests/Blackjack/DeckTest.php" line="27" assertions="2" time="0.000451"/>
      </testsuite>
      <testsuite name="App\Blackjack\HandTest" file="/home/teophil/dbwebb-kurser/mvc/me/report/tests/Blackjack/HandTest.php" tests="6" assertions="9" errors="0" warnings="0" failures="0" skipped="0" time="0.002434">
        <testcase name="testAddCard" class="App\Blackjack\HandTest" classname="App.Blackjack.HandTest" file="/home/teophil/dbwebb-kurser/mvc/me/report/tests/Blackjack/HandTest.php" line="9" assertions="2" time="0.000836"/>
        <testcase name="testClearHand" class="App\Blackjack\HandTest" classname="App.Blackjack.HandTest" file="/home/teophil/dbwebb-kurser/mvc/me/report/tests/Blackjack/HandTest.php" line="26" assertions="1" time="0.000303"/>
        <testcase name="testGetValue" class="App\Blackjack\HandTest" classname="App.Blackjack.HandTest" file="/home/teophil/dbwebb-kurser/mvc/me/report/tests/Blackjack/HandTest.php" line="44" assertions="1" time="0.000304"/>
        <testcase name="testGetValueAce" class="App\Blackjack\HandTest" classname="App.Blackjack.HandTest" file="/home/teophil/dbwebb-kurser/mvc/me/report/tests/Blackjack/HandTest.php" line="55" assertions="2" time="0.000318"/>
        <testcase name="testGetValueAces" class="App\Blackjack\HandTest" classname="App.Blackjack.HandTest" file="/home/teophil/dbwebb-kurser/mvc/me/report/tests/Blackjack/HandTest.php" line="71" assertions="2" time="0.000370"/>
        <testcase name="testString" class="App\Blackjack\HandTest" classname="App.Blackjack.HandTest" file="/home/teophil/dbwebb-kurser/mvc/me/report/tests/Blackjack/HandTest.php" line="89" assertions="1" time="0.000303"/>
      </testsuite>
      <testsuite name="App\Blackjack\PlayerTest" file="/home/teophil/dbwebb-kurser/mvc/me/report/tests/Blackjack/PlayerTest.php" tests="8" assertions="18" errors="0" warnings="0" failures="0" skipped="0" time="0.002577">
        <testcase name="testCreate" class="App\Blackjack\PlayerTest" classname="App.Blackjack.PlayerTest" file="/home/teophil/dbwebb-kurser/mvc/me/report/tests/Blackjack/PlayerTest.php" line="9" assertions="6" time="0.000311"/>
        <testcase name="testPlaceBet" class="App\Blackjack\PlayerTest" classname="App.Blackjack.PlayerTest" file="/home/teophil/dbwebb-kurser/mvc/me/report/tests/Blackjack/PlayerTest.php" line="20" assertions="2" time="0.000273"/>
        <testcase name="testWinBet" class="App\Blackjack\PlayerTest" classname="App.Blackjack.PlayerTest" file="/home/teophil/dbwebb-kurser/mvc/me/report/tests/Blackjack/PlayerTest.php" line="28" assertions="2" time="0.000452"/>
        <testcase name="testLoseBet" class="App\Blackjack\PlayerTest" classname="App.Blackjack.PlayerTest" file="/home/teophil/dbwebb-kurser/mvc/me/report/tests/Blackjack/PlayerTest.php" line="37" assertions="2" time="0.000282"/>
        <testcase name="testDrawBet" class="App\Blackjack\PlayerTest" classname="App.Blackjack.PlayerTest" file="/home/teophil/dbwebb-kurser/mvc/me/report/tests/Blackjack/PlayerTest.php" line="46" assertions="2" time="0.000279"/>
        <testcase name="testStand" class="App\Blackjack\PlayerTest" classname="App.Blackjack.PlayerTest" file="/home/teophil/dbwebb-kurser/mvc/me/report/tests/Blackjack/PlayerTest.php" line="55" assertions="1" time="0.000282"/>
        <testcase name="testReset" class="App\Blackjack\PlayerTest" classname="App.Blackjack.PlayerTest" file="/home/teophil/dbwebb-kurser/mvc/me/report/tests/Blackjack/PlayerTest.php" line="62" assertions="2" time="0.000359"/>
        <testcase name="testString" class="App\Blackjack\PlayerTest" classname="App.Blackjack.PlayerTest" file="/home/teophil/dbwebb-kurser/mvc/me/report/tests/Blackjack/PlayerTest.php" line="73" assertions="1" time="0.000339"/>
      </testsuite>
      <testsuite name="App\Card\CardGraphicTest" file="/home/teophil/dbwebb-kurser/mvc/me/report/tests/Card/CardGraphicTest.php" tests="2" assertions="5" errors="0" warnings="0" failures="0" skipped="0" time="0.001578">
        <testcase name="testCreateObject" class="App\Card\CardGraphicTest" classname="App.Card.CardGraphicTest" file="/home/teophil/dbwebb-kurser/mvc/me/report/tests/Card/CardGraphicTest.php" line="9" assertions="1" time="0.001233"/>
        <testcase name="testGetAsString" class="App\Card\CardGraphicTest" classname="App.Card.CardGraphicTest" file="/home/teophil/dbwebb-kurser/mvc/me/report/tests/Card/CardGraphicTest.php" line="15" assertions="4" time="0.000345"/>
      </testsuite>
      <testsuite name="App\Card\CardHandTest" file="/home/teophil/dbwebb-kurser/mvc/me/report/tests/Card/CardHandTest.php" tests="5" assertions="8" errors="0" warnings="0" failures="0" skipped="0" time="0.002409">
        <testcase name="testCreateObject" class="App\Card\CardHandTest" classname="App.Card.CardHandTest" file="/home/teophil/dbwebb-kurser/mvc/me/report/tests/Card/CardHandTest.php" line="9" assertions="1" time="0.000717"/>
        <testcase name="testAddCard" class="App\Card\CardHandTest" classname="App.Card.CardHandTest" file="/home/teophil/dbwebb-kurser/mvc/me/report/tests/Card/CardHandTest.php" line="15" assertions="1" time="0.000307"/>
        <testcase name="testDrawCard" class="App\Card\CardHandTest" classname="App.Card.CardHandTest" file="/home/teophil/dbwebb-kurser/mvc/me/report/tests/Card/CardHandTest.php" line="25" assertions="4" time="0.000760"/>
        <testcase name="testGetNumberOfCards" class="App\Card\CardHandTest" classname="App.Card.CardHandTest" file="/home/teophil/dbwebb-kurser/mvc/me/report/tests/Card/CardHandTest.php" line="39" assertions="1" time="0.000284"/>
        <testcase name="testGetString" class="App\Card\CardHandTest" classname="App.Card.CardHandTest" file="/home/teophil/dbwebb-kurser/mvc/me/report/tests/Card/CardHandTest.php" line="49" assertions="1" time="0.000340"/>
      </testsuite>
      <testsuite name="App\Card\CardPointTest" file="/home/teophil/dbwebb-kurser/mvc/me/report/tests/Card/CardPointTest.php" tests="3" assertions="6" errors="0" warnings="0" failures="0" skipped="0" time="0.001371">
        <testcase name="testCreateObject" class="App\Card\CardPointTest" classname="App.Card.CardPointTest" file="/home/teophil/dbwebb-kurser/mvc/me/report/tests/Card/CardPointTest.php" line="9" assertions="1" time="0.000770"/>
        <testcase name="testSetAndGetAceValue" class="App\Card\CardPointTest" classname="App.Card.CardPointTest" file="/home/teophil/dbwebb-kurser/mvc/me/report/tests/Card/CardPointTest.php" line="15" assertions="1" time="0.000291"/>
        <testcase name="testGetPoints" class="App\Card\CardPointTest" classname="App.Card.CardPointTest" file="/home/teophil/dbwebb-kurser/mvc/me/report/tests/Card/CardPointTest.php" line="22" assertions="4" time="0.000311"/>
      </testsuite>
      <testsuite name="App\Card\CardTest" file="/home/teophil/dbwebb-kurser/mvc/me/report/tests/Card/CardTest.php" tests="5" assertions="10" errors="0" warnings="0" failures="0" skipped="0" time="0.002776">
        <testcase name="testCreateObject" class="App\Card\CardTest" classname="App.Card.CardTest" file="/home/teophil/dbwebb-kurser/mvc/me/report/tests/Card/CardTest.php" line="10" assertions="1" time="0.000269"/>
        <testcase name="testDrawCard" class="App\Card\CardTest" classname="App.Card.CardTest" file="/home/teophil/dbwebb-kurser/mvc/me/report/tests/Card/CardTest.php" line="16" assertions="2" time="0.001154"/>
        <testcase name="testGetCard" class="App\Card\CardTest" classname="App.Card.CardTest" file="/home/teophil/dbwebb-kurser/mvc/me/report/tests/Card/CardTest.php" line="24" assertions="4" time="0.000786"/>
        <testcase name="testGetAsString" class="App\Card\CardTest" classname="App.Card.CardTest" file="/home/teophil/dbwebb-kurser/mvc/me/report/tests/Card/CardTest.php" line="34" assertions="1" time="0.000285"/>
        <testcase name="testSetAceValue" class="App\Card\CardTest" classname="App.Card.CardTest" file="/home/teophil/dbwebb-kurser/mvc/me/report/tests/Card/CardTest.php" line="42" assertions="2" time="0.000281"/>
      </testsuite>
      <testsuite name="App\Card\DeckOfCardTest" file="/home/teophil/dbwebb-kurser/mvc/me/report/tests/Card/DeckOfCardTest.php" tests="8" assertions="9" errors="0" warnings="0" failures="0" skipped="0" time="0.149724">
        <testcase name="testCreateDeck" class="App\Card\DeckOfCardTest" classname="App.Card.DeckOfCardTest" file="/home/teophil/dbwebb-kurser/mvc/me/report/tests/Card/DeckOfCardTest.php" line="10" assertions="2" time="0.001280"/>
        <testcase name="testShuffle" class="App\Card\DeckOfCardTest" classname="App.Card.DeckOfCardTest" file="/home/teophil/dbwebb-kurser/mvc/me/report/tests/Card/DeckOfCardTest.php" line="20" assertions="1" time="0.145674"/>
        <testcase name="testSetDeck" class="App\Card\DeckOfCardTest" classname="App.Card.DeckOfCardTest" file="/home/teophil/dbwebb-kurser/mvc/me/report/tests/Card/DeckOfCardTest.php" line="32" assertions="1" time="0.000321"/>
        <testcase name="testDrawnCard" class="App\Card\DeckOfCardTest" classname="App.Card.DeckOfCardTest" file="/home/teophil/dbwebb-kurser/mvc/me/report/tests/Card/DeckOfCardTest.php" line="43" assertions="1" time="0.000505"/>
        <testcase name="testDrawnCards" class="App\Card\DeckOfCardTest" classname="App.Card.DeckOfCardTest" file="/home/teophil/dbwebb-kurser/mvc/me/report/tests/Card/DeckOfCardTest.php" line="53" assertions="1" time="0.000506"/>
        <testcase name="testDrawnWhenEmpty" class="App\Card\DeckOfCardTest" classname="App.Card.DeckOfCardTest" file="/home/teophil/dbwebb-kurser/mvc/me/report/tests/Card/DeckOfCardTest.php" line="64" assertions="1" time="0.000280"/>
        <testcase name="testGetString" class="App\Card\DeckOfCardTest" classname="App.Card.DeckOfCardTest" file="/home/teophil/dbwebb-kurser/mvc/me/report/tests/Card/DeckOfCardTest.php" line="72" assertions="1" time="0.000525"/>
        <testcase name="testIsCardNotPresent" class="App\Card\DeckOfCardTest" classname="App.Card.DeckOfCardTest" file="/home/teophil/dbwebb-kurser/mvc/me/report/tests/Card/DeckOfCardTest.php" line="85" assertions="1" time="0.000633"/>
      </testsuite>
      <testsuite name="App\Card\Game21Test" file="/home/teophil/dbwebb-kurser/mvc/me/report/tests/Card/Game21Test.php" tests="4" assertions="6" errors="0" warnings="0" failures="0" skipped="0" time="0.002701">
        <testcase name="testConstructor" class="App\Card\Game21Test" classname="App.Card.Game21Test" file="/home/teophil/dbwebb-kurser/mvc/me/report/tests/Card/Game21Test.php" line="9" assertions="3" time="0.001271"/>
        <testcase name="testGetDeck" class="App\Card\Game21Test" classname="App.Card.Game21Test" file="/home/teophil/dbwebb-kurser/mvc/me/report/tests/Card/Game21Test.php" line="20" assertions="1" time="0.000493"/>
        <testcase name="testGetPlayer" class="App\Card\Game21Test" classname="App.Card.Game21Test" file="/home/teophil/dbwebb-kurser/mvc/me/report/tests/Card/Game21Test.php" line="28" assertions="1" time="0.000474"/>
        <testcase name="testGetDealer" class="App\Card\Game21Test" classname="App.Card.Game21Test" file="/home/teophil/dbwebb-kurser/mvc/me/report/tests/Card/Game21Test.php" line="36" assertions="1" time="0.000463"/>
      </testsuite>
      <testsuite name="App\Card\GameFlashTest" file="/home/teophil/dbwebb-kurser/mvc/me/report/tests/Card/GameFlashTest.php" tests="3" assertions="9" errors="0" warnings="0" failures="0" skipped="0" time="0.001319">
        <testcase name="testSetFlashPlayerWins" class="App\Card\GameFlashTest" classname="App.Card.GameFlashTest" file="/home/teophil/dbwebb-kurser/mvc/me/report/tests/Card/GameFlashTest.php" line="9" assertions="3" time="0.000639"/>
        <testcase name="testSetFlashDealerWins" class="App\Card\GameFlashTest" classname="App.Card.GameFlashTest" file="/home/teophil/dbwebb-kurser/mvc/me/report/tests/Card/GameFlashTest.php" line="22" assertions="3" time="0.000351"/>
        <testcase name="testSetFlashPlayerLoses" class="App\Card\GameFlashTest" classname="App.Card.GameFlashTest" file="/home/teophil/dbwebb-kurser/mvc/me/report/tests/Card/GameFlashTest.php" line="34" assertions="3" time="0.000329"/>
      </testsuite>
      <testsuite name="App\Card\PlayerTest" file="/home/teophil/dbwebb-kurser/mvc/me/report/tests/Card/PlayerTest.php" tests="4" assertions="4" errors="0" warnings="0" failures="0" skipped="0" time="0.001570">
        <testcase name="testCreateObject" class="App\Card\PlayerTest" classname="App.Card.PlayerTest" file="/home/teophil/dbwebb-kurser/mvc/me/report/tests/Card/PlayerTest.php" line="11" assertions="1" time="0.000271"/>
        <testcase name="testHit" class="App\Card\PlayerTest" classname="App.Card.PlayerTest" file="/home/teophil/dbwebb-kurser/mvc/me/report/tests/Card/PlayerTest.php" line="17" assertions="1" time="0.000290"/>
        <testcase name="testGetScore" class="App\Card\PlayerTest" classname="App.Card.PlayerTest" file="/home/teophil/dbwebb-kurser/mvc/me/report/tests/Card/PlayerTest.php" line="25" assertions="1" time="0.000531"/>
        <testcase name="testGetString" class="App\Card\PlayerTest" classname="App.Card.PlayerTest" file="/home/teophil/dbwebb-kurser/mvc/me/report/tests/Card/PlayerTest.php" line="39" assertions="1" time="0.000477"/>
      </testsuite>
      <testsuite name="App\Entity\BookTest" file="/home/teophil/dbwebb-kurser/mvc/me/report/tests/Entity/BookTest.php" tests="5" assertions="9" errors="0" warnings="0" failures="0" skipped="0" time="0.001808">
        <testcase name="testId" class="App\Entity\BookTest" classname="App.Entity.BookTest" file="/home/teophil/dbwebb-kurser/mvc/me/report/tests/Entity/BookTest.php" line="10" assertions="1" time="0.000657"/>
        <testcase name="testName" class="App\Entity\BookTest" classname="App.Entity.BookTest" file="/home/teophil/dbwebb-kurser/mvc/me/report/tests/Entity/BookTest.php" line="16" assertions="2" time="0.000328"/>
        <testcase name="testAuthor" class="App\Entity\BookTest" classname="App.Entity.BookTest" file="/home/teophil/dbwebb-kurser/mvc/me/report/tests/Entity/BookTest.php" line="25" assertions="2" time="0.000281"/>
        <testcase name="testIsbn" class="App\Entity\BookTest" classname="App.Entity.BookTest" file="/home/teophil/dbwebb-kurser/mvc/me/report/tests/Entity/BookTest.php" line="34" assertions="2" time="0.000271"/>
        <testcase name="testImg" class="App\Entity\BookTest" classname="App.Entity.BookTest" file="/home/teophil/dbwebb-kurser/mvc/me/report/tests/Entity/BookTest.php" line="43" assertions="2" time="0.000269"/>
      </testsuite>
    </testsuite>
  </testsuite>
</testsuites>
