<?xml version="1.0" encoding="UTF-8"?>
<testsuites>
  <testsuite name="" tests="34" assertions="57" errors="0" warnings="0" failures="0" skipped="0" time="0.171761">
    <testsuite name="Project Test Suite" tests="34" assertions="57" errors="0" warnings="0" failures="0" skipped="0" time="0.171761">
      <testsuite name="App\Card\CardGraphicTest" file="/home/teophil/dbwebb-kurser/mvc/me/report/tests/Card/CardGraphicTest.php" tests="2" assertions="5" errors="0" warnings="0" failures="0" skipped="0" time="0.007409">
        <testcase name="testCreateObject" class="App\Card\CardGraphicTest" classname="App.Card.CardGraphicTest" file="/home/teophil/dbwebb-kurser/mvc/me/report/tests/Card/CardGraphicTest.php" line="9" assertions="1" time="0.006636"/>
        <testcase name="testGetAsString" class="App\Card\CardGraphicTest" classname="App.Card.CardGraphicTest" file="/home/teophil/dbwebb-kurser/mvc/me/report/tests/Card/CardGraphicTest.php" line="15" assertions="4" time="0.000773"/>
      </testsuite>
      <testsuite name="App\Card\CardHandTest" file="/home/teophil/dbwebb-kurser/mvc/me/report/tests/Card/CardHandTest.php" tests="5" assertions="8" errors="0" warnings="0" failures="0" skipped="0" time="0.003609">
        <testcase name="testCreateObject" class="App\Card\CardHandTest" classname="App.Card.CardHandTest" file="/home/teophil/dbwebb-kurser/mvc/me/report/tests/Card/CardHandTest.php" line="9" assertions="1" time="0.000721"/>
        <testcase name="testAddCard" class="App\Card\CardHandTest" classname="App.Card.CardHandTest" file="/home/teophil/dbwebb-kurser/mvc/me/report/tests/Card/CardHandTest.php" line="15" assertions="1" time="0.000729"/>
        <testcase name="testDrawCard" class="App\Card\CardHandTest" classname="App.Card.CardHandTest" file="/home/teophil/dbwebb-kurser/mvc/me/report/tests/Card/CardHandTest.php" line="25" assertions="4" time="0.001571"/>
        <testcase name="testGetNumberOfCards" class="App\Card\CardHandTest" classname="App.Card.CardHandTest" file="/home/teophil/dbwebb-kurser/mvc/me/report/tests/Card/CardHandTest.php" line="39" assertions="1" time="0.000300"/>
        <testcase name="testGetString" class="App\Card\CardHandTest" classname="App.Card.CardHandTest" file="/home/teophil/dbwebb-kurser/mvc/me/report/tests/Card/CardHandTest.php" line="49" assertions="1" time="0.000288"/>
      </testsuite>
      <testsuite name="App\Card\CardPointTest" file="/home/teophil/dbwebb-kurser/mvc/me/report/tests/Card/CardPointTest.php" tests="3" assertions="6" errors="0" warnings="0" failures="0" skipped="0" time="0.001392">
        <testcase name="testCreateObject" class="App\Card\CardPointTest" classname="App.Card.CardPointTest" file="/home/teophil/dbwebb-kurser/mvc/me/report/tests/Card/CardPointTest.php" line="9" assertions="1" time="0.000776"/>
        <testcase name="testSetAndGetAceValue" class="App\Card\CardPointTest" classname="App.Card.CardPointTest" file="/home/teophil/dbwebb-kurser/mvc/me/report/tests/Card/CardPointTest.php" line="15" assertions="1" time="0.000307"/>
        <testcase name="testGetPoints" class="App\Card\CardPointTest" classname="App.Card.CardPointTest" file="/home/teophil/dbwebb-kurser/mvc/me/report/tests/Card/CardPointTest.php" line="22" assertions="4" time="0.000309"/>
      </testsuite>
      <testsuite name="App\Card\CardTest" file="/home/teophil/dbwebb-kurser/mvc/me/report/tests/Card/CardTest.php" tests="5" assertions="10" errors="0" warnings="0" failures="0" skipped="0" time="0.003445">
        <testcase name="testCreateObject" class="App\Card\CardTest" classname="App.Card.CardTest" file="/home/teophil/dbwebb-kurser/mvc/me/report/tests/Card/CardTest.php" line="10" assertions="1" time="0.000267"/>
        <testcase name="testDrawCard" class="App\Card\CardTest" classname="App.Card.CardTest" file="/home/teophil/dbwebb-kurser/mvc/me/report/tests/Card/CardTest.php" line="16" assertions="2" time="0.000822"/>
        <testcase name="testGetCard" class="App\Card\CardTest" classname="App.Card.CardTest" file="/home/teophil/dbwebb-kurser/mvc/me/report/tests/Card/CardTest.php" line="24" assertions="4" time="0.001385"/>
        <testcase name="testGetAsString" class="App\Card\CardTest" classname="App.Card.CardTest" file="/home/teophil/dbwebb-kurser/mvc/me/report/tests/Card/CardTest.php" line="34" assertions="1" time="0.000288"/>
        <testcase name="testSetAceValue" class="App\Card\CardTest" classname="App.Card.CardTest" file="/home/teophil/dbwebb-kurser/mvc/me/report/tests/Card/CardTest.php" line="42" assertions="2" time="0.000683"/>
      </testsuite>
      <testsuite name="App\Card\DeckOfCardTest" file="/home/teophil/dbwebb-kurser/mvc/me/report/tests/Card/DeckOfCardTest.php" tests="8" assertions="9" errors="0" warnings="0" failures="0" skipped="0" time="0.150210">
        <testcase name="testCreateDeck" class="App\Card\DeckOfCardTest" classname="App.Card.DeckOfCardTest" file="/home/teophil/dbwebb-kurser/mvc/me/report/tests/Card/DeckOfCardTest.php" line="9" assertions="2" time="0.001075"/>
        <testcase name="testShuffle" class="App\Card\DeckOfCardTest" classname="App.Card.DeckOfCardTest" file="/home/teophil/dbwebb-kurser/mvc/me/report/tests/Card/DeckOfCardTest.php" line="19" assertions="1" time="0.146204"/>
        <testcase name="testSetDeck" class="App\Card\DeckOfCardTest" classname="App.Card.DeckOfCardTest" file="/home/teophil/dbwebb-kurser/mvc/me/report/tests/Card/DeckOfCardTest.php" line="31" assertions="1" time="0.000311"/>
        <testcase name="testDrawnCard" class="App\Card\DeckOfCardTest" classname="App.Card.DeckOfCardTest" file="/home/teophil/dbwebb-kurser/mvc/me/report/tests/Card/DeckOfCardTest.php" line="42" assertions="1" time="0.000443"/>
        <testcase name="testDrawnCards" class="App\Card\DeckOfCardTest" classname="App.Card.DeckOfCardTest" file="/home/teophil/dbwebb-kurser/mvc/me/report/tests/Card/DeckOfCardTest.php" line="52" assertions="1" time="0.000513"/>
        <testcase name="testDrawnWhenEmpty" class="App\Card\DeckOfCardTest" classname="App.Card.DeckOfCardTest" file="/home/teophil/dbwebb-kurser/mvc/me/report/tests/Card/DeckOfCardTest.php" line="63" assertions="1" time="0.000311"/>
        <testcase name="testGetString" class="App\Card\DeckOfCardTest" classname="App.Card.DeckOfCardTest" file="/home/teophil/dbwebb-kurser/mvc/me/report/tests/Card/DeckOfCardTest.php" line="71" assertions="1" time="0.000512"/>
        <testcase name="testIsCardNotPresent" class="App\Card\DeckOfCardTest" classname="App.Card.DeckOfCardTest" file="/home/teophil/dbwebb-kurser/mvc/me/report/tests/Card/DeckOfCardTest.php" line="84" assertions="1" time="0.000842"/>
      </testsuite>
      <testsuite name="App\Card\Game21Test" file="/home/teophil/dbwebb-kurser/mvc/me/report/tests/Card/Game21Test.php" tests="4" assertions="6" errors="0" warnings="0" failures="0" skipped="0" time="0.002624">
        <testcase name="testConstructor" class="App\Card\Game21Test" classname="App.Card.Game21Test" file="/home/teophil/dbwebb-kurser/mvc/me/report/tests/Card/Game21Test.php" line="9" assertions="3" time="0.001233"/>
        <testcase name="testGetDeck" class="App\Card\Game21Test" classname="App.Card.Game21Test" file="/home/teophil/dbwebb-kurser/mvc/me/report/tests/Card/Game21Test.php" line="20" assertions="1" time="0.000479"/>
        <testcase name="testGetPlayer" class="App\Card\Game21Test" classname="App.Card.Game21Test" file="/home/teophil/dbwebb-kurser/mvc/me/report/tests/Card/Game21Test.php" line="28" assertions="1" time="0.000459"/>
        <testcase name="testGetDealer" class="App\Card\Game21Test" classname="App.Card.Game21Test" file="/home/teophil/dbwebb-kurser/mvc/me/report/tests/Card/Game21Test.php" line="36" assertions="1" time="0.000452"/>
      </testsuite>
      <testsuite name="App\Card\GameFlashTest" file="/home/teophil/dbwebb-kurser/mvc/me/report/tests/Card/GameFlashTest.php" tests="3" assertions="9" errors="0" warnings="0" failures="0" skipped="0" time="0.001583">
        <testcase name="testSetFlashPlayerWins" class="App\Card\GameFlashTest" classname="App.Card.GameFlashTest" file="/home/teophil/dbwebb-kurser/mvc/me/report/tests/Card/GameFlashTest.php" line="9" assertions="3" time="0.000831"/>
        <testcase name="testSetFlashDealerWins" class="App\Card\GameFlashTest" classname="App.Card.GameFlashTest" file="/home/teophil/dbwebb-kurser/mvc/me/report/tests/Card/GameFlashTest.php" line="22" assertions="3" time="0.000465"/>
        <testcase name="testSetFlashPlayerLoses" class="App\Card\GameFlashTest" classname="App.Card.GameFlashTest" file="/home/teophil/dbwebb-kurser/mvc/me/report/tests/Card/GameFlashTest.php" line="34" assertions="3" time="0.000287"/>
      </testsuite>
      <testsuite name="App\Card\PlayerTest" file="/home/teophil/dbwebb-kurser/mvc/me/report/tests/Card/PlayerTest.php" tests="4" assertions="4" errors="0" warnings="0" failures="0" skipped="0" time="0.001489">
        <testcase name="testCreateObject" class="App\Card\PlayerTest" classname="App.Card.PlayerTest" file="/home/teophil/dbwebb-kurser/mvc/me/report/tests/Card/PlayerTest.php" line="9" assertions="1" time="0.000271"/>
        <testcase name="testHit" class="App\Card\PlayerTest" classname="App.Card.PlayerTest" file="/home/teophil/dbwebb-kurser/mvc/me/report/tests/Card/PlayerTest.php" line="15" assertions="1" time="0.000283"/>
        <testcase name="testGetScore" class="App\Card\PlayerTest" classname="App.Card.PlayerTest" file="/home/teophil/dbwebb-kurser/mvc/me/report/tests/Card/PlayerTest.php" line="23" assertions="1" time="0.000464"/>
        <testcase name="testGetString" class="App\Card\PlayerTest" classname="App.Card.PlayerTest" file="/home/teophil/dbwebb-kurser/mvc/me/report/tests/Card/PlayerTest.php" line="37" assertions="1" time="0.000471"/>
      </testsuite>
    </testsuite>
  </testsuite>
</testsuites>
