<?xml version="1.0" encoding="UTF-8"?>
<testsuites>
  <testsuite name="" tests="44" assertions="81" errors="0" warnings="0" failures="0" skipped="0" time="0.493564">
    <testsuite name="Project Test Suite" tests="44" assertions="81" errors="0" warnings="0" failures="0" skipped="0" time="0.493564">
      <testsuite name="App\Card\CardGraphicTest" file="/home/teophil/dbwebb-kurser/mvc/me/report/tests/Card/CardGraphicTest.php" tests="2" assertions="5" errors="0" warnings="0" failures="0" skipped="0" time="0.007550">
        <testcase name="testCreateObject" class="App\Card\CardGraphicTest" classname="App.Card.CardGraphicTest" file="/home/teophil/dbwebb-kurser/mvc/me/report/tests/Card/CardGraphicTest.php" line="9" assertions="1" time="0.006761"/>
        <testcase name="testGetAsString" class="App\Card\CardGraphicTest" classname="App.Card.CardGraphicTest" file="/home/teophil/dbwebb-kurser/mvc/me/report/tests/Card/CardGraphicTest.php" line="15" assertions="4" time="0.000789"/>
      </testsuite>
      <testsuite name="App\Card\CardHandTest" file="/home/teophil/dbwebb-kurser/mvc/me/report/tests/Card/CardHandTest.php" tests="5" assertions="8" errors="0" warnings="0" failures="0" skipped="0" time="0.003874">
        <testcase name="testCreateObject" class="App\Card\CardHandTest" classname="App.Card.CardHandTest" file="/home/teophil/dbwebb-kurser/mvc/me/report/tests/Card/CardHandTest.php" line="9" assertions="1" time="0.000722"/>
        <testcase name="testAddCard" class="App\Card\CardHandTest" classname="App.Card.CardHandTest" file="/home/teophil/dbwebb-kurser/mvc/me/report/tests/Card/CardHandTest.php" line="15" assertions="1" time="0.000803"/>
        <testcase name="testDrawCard" class="App\Card\CardHandTest" classname="App.Card.CardHandTest" file="/home/teophil/dbwebb-kurser/mvc/me/report/tests/Card/CardHandTest.php" line="25" assertions="4" time="0.001724"/>
        <testcase name="testGetNumberOfCards" class="App\Card\CardHandTest" classname="App.Card.CardHandTest" file="/home/teophil/dbwebb-kurser/mvc/me/report/tests/Card/CardHandTest.php" line="39" assertions="1" time="0.000338"/>
        <testcase name="testGetString" class="App\Card\CardHandTest" classname="App.Card.CardHandTest" file="/home/teophil/dbwebb-kurser/mvc/me/report/tests/Card/CardHandTest.php" line="49" assertions="1" time="0.000287"/>
      </testsuite>
      <testsuite name="App\Card\CardPointTest" file="/home/teophil/dbwebb-kurser/mvc/me/report/tests/Card/CardPointTest.php" tests="3" assertions="6" errors="0" warnings="0" failures="0" skipped="0" time="0.001345">
        <testcase name="testCreateObject" class="App\Card\CardPointTest" classname="App.Card.CardPointTest" file="/home/teophil/dbwebb-kurser/mvc/me/report/tests/Card/CardPointTest.php" line="9" assertions="1" time="0.000753"/>
        <testcase name="testSetAndGetAceValue" class="App\Card\CardPointTest" classname="App.Card.CardPointTest" file="/home/teophil/dbwebb-kurser/mvc/me/report/tests/Card/CardPointTest.php" line="15" assertions="1" time="0.000289"/>
        <testcase name="testGetPoints" class="App\Card\CardPointTest" classname="App.Card.CardPointTest" file="/home/teophil/dbwebb-kurser/mvc/me/report/tests/Card/CardPointTest.php" line="22" assertions="4" time="0.000303"/>
      </testsuite>
      <testsuite name="App\Card\CardTest" file="/home/teophil/dbwebb-kurser/mvc/me/report/tests/Card/CardTest.php" tests="5" assertions="10" errors="0" warnings="0" failures="0" skipped="0" time="0.003490">
        <testcase name="testCreateObject" class="App\Card\CardTest" classname="App.Card.CardTest" file="/home/teophil/dbwebb-kurser/mvc/me/report/tests/Card/CardTest.php" line="10" assertions="1" time="0.000266"/>
        <testcase name="testDrawCard" class="App\Card\CardTest" classname="App.Card.CardTest" file="/home/teophil/dbwebb-kurser/mvc/me/report/tests/Card/CardTest.php" line="16" assertions="2" time="0.000784"/>
        <testcase name="testGetCard" class="App\Card\CardTest" classname="App.Card.CardTest" file="/home/teophil/dbwebb-kurser/mvc/me/report/tests/Card/CardTest.php" line="24" assertions="4" time="0.001181"/>
        <testcase name="testGetAsString" class="App\Card\CardTest" classname="App.Card.CardTest" file="/home/teophil/dbwebb-kurser/mvc/me/report/tests/Card/CardTest.php" line="34" assertions="1" time="0.000527"/>
        <testcase name="testSetAceValue" class="App\Card\CardTest" classname="App.Card.CardTest" file="/home/teophil/dbwebb-kurser/mvc/me/report/tests/Card/CardTest.php" line="42" assertions="2" time="0.000731"/>
      </testsuite>
      <testsuite name="App\Card\DeckOfCardTest" file="/home/teophil/dbwebb-kurser/mvc/me/report/tests/Card/DeckOfCardTest.php" tests="8" assertions="9" errors="0" warnings="0" failures="0" skipped="0" time="0.149506">
        <testcase name="testCreateDeck" class="App\Card\DeckOfCardTest" classname="App.Card.DeckOfCardTest" file="/home/teophil/dbwebb-kurser/mvc/me/report/tests/Card/DeckOfCardTest.php" line="9" assertions="2" time="0.001071"/>
        <testcase name="testShuffle" class="App\Card\DeckOfCardTest" classname="App.Card.DeckOfCardTest" file="/home/teophil/dbwebb-kurser/mvc/me/report/tests/Card/DeckOfCardTest.php" line="19" assertions="1" time="0.145476"/>
        <testcase name="testSetDeck" class="App\Card\DeckOfCardTest" classname="App.Card.DeckOfCardTest" file="/home/teophil/dbwebb-kurser/mvc/me/report/tests/Card/DeckOfCardTest.php" line="31" assertions="1" time="0.000311"/>
        <testcase name="testDrawnCard" class="App\Card\DeckOfCardTest" classname="App.Card.DeckOfCardTest" file="/home/teophil/dbwebb-kurser/mvc/me/report/tests/Card/DeckOfCardTest.php" line="42" assertions="1" time="0.000446"/>
        <testcase name="testDrawnCards" class="App\Card\DeckOfCardTest" classname="App.Card.DeckOfCardTest" file="/home/teophil/dbwebb-kurser/mvc/me/report/tests/Card/DeckOfCardTest.php" line="52" assertions="1" time="0.000572"/>
        <testcase name="testDrawnWhenEmpty" class="App\Card\DeckOfCardTest" classname="App.Card.DeckOfCardTest" file="/home/teophil/dbwebb-kurser/mvc/me/report/tests/Card/DeckOfCardTest.php" line="63" assertions="1" time="0.000271"/>
        <testcase name="testGetString" class="App\Card\DeckOfCardTest" classname="App.Card.DeckOfCardTest" file="/home/teophil/dbwebb-kurser/mvc/me/report/tests/Card/DeckOfCardTest.php" line="71" assertions="1" time="0.000509"/>
        <testcase name="testIsCardNotPresent" class="App\Card\DeckOfCardTest" classname="App.Card.DeckOfCardTest" file="/home/teophil/dbwebb-kurser/mvc/me/report/tests/Card/DeckOfCardTest.php" line="84" assertions="1" time="0.000849"/>
      </testsuite>
      <testsuite name="App\Card\Game21Test" file="/home/teophil/dbwebb-kurser/mvc/me/report/tests/Card/Game21Test.php" tests="4" assertions="6" errors="0" warnings="0" failures="0" skipped="0" time="0.002755">
        <testcase name="testConstructor" class="App\Card\Game21Test" classname="App.Card.Game21Test" file="/home/teophil/dbwebb-kurser/mvc/me/report/tests/Card/Game21Test.php" line="9" assertions="3" time="0.001164"/>
        <testcase name="testGetDeck" class="App\Card\Game21Test" classname="App.Card.Game21Test" file="/home/teophil/dbwebb-kurser/mvc/me/report/tests/Card/Game21Test.php" line="20" assertions="1" time="0.000485"/>
        <testcase name="testGetPlayer" class="App\Card\Game21Test" classname="App.Card.Game21Test" file="/home/teophil/dbwebb-kurser/mvc/me/report/tests/Card/Game21Test.php" line="28" assertions="1" time="0.000631"/>
        <testcase name="testGetDealer" class="App\Card\Game21Test" classname="App.Card.Game21Test" file="/home/teophil/dbwebb-kurser/mvc/me/report/tests/Card/Game21Test.php" line="36" assertions="1" time="0.000474"/>
      </testsuite>
      <testsuite name="App\Card\GameFlashTest" file="/home/teophil/dbwebb-kurser/mvc/me/report/tests/Card/GameFlashTest.php" tests="3" assertions="9" errors="0" warnings="0" failures="0" skipped="0" time="0.001461">
        <testcase name="testSetFlashPlayerWins" class="App\Card\GameFlashTest" classname="App.Card.GameFlashTest" file="/home/teophil/dbwebb-kurser/mvc/me/report/tests/Card/GameFlashTest.php" line="9" assertions="3" time="0.000860"/>
        <testcase name="testSetFlashDealerWins" class="App\Card\GameFlashTest" classname="App.Card.GameFlashTest" file="/home/teophil/dbwebb-kurser/mvc/me/report/tests/Card/GameFlashTest.php" line="22" assertions="3" time="0.000317"/>
        <testcase name="testSetFlashPlayerLoses" class="App\Card\GameFlashTest" classname="App.Card.GameFlashTest" file="/home/teophil/dbwebb-kurser/mvc/me/report/tests/Card/GameFlashTest.php" line="34" assertions="3" time="0.000284"/>
      </testsuite>
      <testsuite name="App\Card\PlayerTest" file="/home/teophil/dbwebb-kurser/mvc/me/report/tests/Card/PlayerTest.php" tests="4" assertions="4" errors="0" warnings="0" failures="0" skipped="0" time="0.001515">
        <testcase name="testCreateObject" class="App\Card\PlayerTest" classname="App.Card.PlayerTest" file="/home/teophil/dbwebb-kurser/mvc/me/report/tests/Card/PlayerTest.php" line="9" assertions="1" time="0.000266"/>
        <testcase name="testHit" class="App\Card\PlayerTest" classname="App.Card.PlayerTest" file="/home/teophil/dbwebb-kurser/mvc/me/report/tests/Card/PlayerTest.php" line="15" assertions="1" time="0.000283"/>
        <testcase name="testGetScore" class="App\Card\PlayerTest" classname="App.Card.PlayerTest" file="/home/teophil/dbwebb-kurser/mvc/me/report/tests/Card/PlayerTest.php" line="23" assertions="1" time="0.000507"/>
        <testcase name="testGetString" class="App\Card\PlayerTest" classname="App.Card.PlayerTest" file="/home/teophil/dbwebb-kurser/mvc/me/report/tests/Card/PlayerTest.php" line="37" assertions="1" time="0.000459"/>
      </testsuite>
      <testsuite name="App\Controller\BookControllerWebTest" file="/home/teophil/dbwebb-kurser/mvc/me/report/tests/Controller/BookControllerWebTest.php" tests="1" assertions="3" errors="0" warnings="0" failures="0" skipped="0" time="0.247812">
        <testcase name="testLibrary" class="App\Controller\BookControllerWebTest" classname="App.Controller.BookControllerWebTest" file="/home/teophil/dbwebb-kurser/mvc/me/report/tests/Controller/BookControllerWebTest.php" line="10" assertions="3" time="0.247812"/>
      </testsuite>
      <testsuite name="App\Controller\ControllerTwigTest" file="/home/teophil/dbwebb-kurser/mvc/me/report/tests/Controller/ControllerTwigTest.php" tests="4" assertions="12" errors="0" warnings="0" failures="0" skipped="0" time="0.072023">
        <testcase name="testHome" class="App\Controller\ControllerTwigTest" classname="App.Controller.ControllerTwigTest" file="/home/teophil/dbwebb-kurser/mvc/me/report/tests/Controller/ControllerTwigTest.php" line="9" assertions="3" time="0.017352"/>
        <testcase name="testAbout" class="App\Controller\ControllerTwigTest" classname="App.Controller.ControllerTwigTest" file="/home/teophil/dbwebb-kurser/mvc/me/report/tests/Controller/ControllerTwigTest.php" line="18" assertions="3" time="0.016175"/>
        <testcase name="testReport" class="App\Controller\ControllerTwigTest" classname="App.Controller.ControllerTwigTest" file="/home/teophil/dbwebb-kurser/mvc/me/report/tests/Controller/ControllerTwigTest.php" line="27" assertions="3" time="0.017913"/>
        <testcase name="testMetrics" class="App\Controller\ControllerTwigTest" classname="App.Controller.ControllerTwigTest" file="/home/teophil/dbwebb-kurser/mvc/me/report/tests/Controller/ControllerTwigTest.php" line="36" assertions="3" time="0.020581"/>
      </testsuite>
      <testsuite name="App\Entity\BookTest" file="/home/teophil/dbwebb-kurser/mvc/me/report/tests/Entity/BookTest.php" tests="5" assertions="9" errors="0" warnings="0" failures="0" skipped="0" time="0.002233">
        <testcase name="testId" class="App\Entity\BookTest" classname="App.Entity.BookTest" file="/home/teophil/dbwebb-kurser/mvc/me/report/tests/Entity/BookTest.php" line="10" assertions="1" time="0.000705"/>
        <testcase name="testName" class="App\Entity\BookTest" classname="App.Entity.BookTest" file="/home/teophil/dbwebb-kurser/mvc/me/report/tests/Entity/BookTest.php" line="16" assertions="2" time="0.000499"/>
        <testcase name="testAuthor" class="App\Entity\BookTest" classname="App.Entity.BookTest" file="/home/teophil/dbwebb-kurser/mvc/me/report/tests/Entity/BookTest.php" line="25" assertions="2" time="0.000448"/>
        <testcase name="testIsbn" class="App\Entity\BookTest" classname="App.Entity.BookTest" file="/home/teophil/dbwebb-kurser/mvc/me/report/tests/Entity/BookTest.php" line="34" assertions="2" time="0.000302"/>
        <testcase name="testImg" class="App\Entity\BookTest" classname="App.Entity.BookTest" file="/home/teophil/dbwebb-kurser/mvc/me/report/tests/Entity/BookTest.php" line="43" assertions="2" time="0.000278"/>
      </testsuite>
    </testsuite>
  </testsuite>
</testsuites>
