<?xml version="1.0" encoding="UTF-8"?>
<testsuites>
  <testsuite name="" tests="39" assertions="66" errors="0" warnings="0" failures="0" skipped="0" time="0.281489">
    <testsuite name="Project Test Suite" tests="39" assertions="66" errors="0" warnings="0" failures="0" skipped="0" time="0.281489">
      <testsuite name="App\Card\CardGraphicTest" file="/home/teophil/dbwebb-kurser/mvc/me/report/tests/Card/CardGraphicTest.php" tests="2" assertions="5" errors="0" warnings="0" failures="0" skipped="0" time="0.013396">
        <testcase name="testCreateObject" class="App\Card\CardGraphicTest" classname="App.Card.CardGraphicTest" file="/home/teophil/dbwebb-kurser/mvc/me/report/tests/Card/CardGraphicTest.php" line="9" assertions="1" time="0.011977"/>
        <testcase name="testGetAsString" class="App\Card\CardGraphicTest" classname="App.Card.CardGraphicTest" file="/home/teophil/dbwebb-kurser/mvc/me/report/tests/Card/CardGraphicTest.php" line="15" assertions="4" time="0.001420"/>
      </testsuite>
      <testsuite name="App\Card\CardHandTest" file="/home/teophil/dbwebb-kurser/mvc/me/report/tests/Card/CardHandTest.php" tests="5" assertions="8" errors="0" warnings="0" failures="0" skipped="0" time="0.011895">
        <testcase name="testCreateObject" class="App\Card\CardHandTest" classname="App.Card.CardHandTest" file="/home/teophil/dbwebb-kurser/mvc/me/report/tests/Card/CardHandTest.php" line="9" assertions="1" time="0.001008"/>
        <testcase name="testAddCard" class="App\Card\CardHandTest" classname="App.Card.CardHandTest" file="/home/teophil/dbwebb-kurser/mvc/me/report/tests/Card/CardHandTest.php" line="15" assertions="1" time="0.001149"/>
        <testcase name="testDrawCard" class="App\Card\CardHandTest" classname="App.Card.CardHandTest" file="/home/teophil/dbwebb-kurser/mvc/me/report/tests/Card/CardHandTest.php" line="25" assertions="4" time="0.007873"/>
        <testcase name="testGetNumberOfCards" class="App\Card\CardHandTest" classname="App.Card.CardHandTest" file="/home/teophil/dbwebb-kurser/mvc/me/report/tests/Card/CardHandTest.php" line="39" assertions="1" time="0.000490"/>
        <testcase name="testGetString" class="App\Card\CardHandTest" classname="App.Card.CardHandTest" file="/home/teophil/dbwebb-kurser/mvc/me/report/tests/Card/CardHandTest.php" line="49" assertions="1" time="0.001376"/>
      </testsuite>
      <testsuite name="App\Card\CardPointTest" file="/home/teophil/dbwebb-kurser/mvc/me/report/tests/Card/CardPointTest.php" tests="3" assertions="6" errors="0" warnings="0" failures="0" skipped="0" time="0.004510">
        <testcase name="testCreateObject" class="App\Card\CardPointTest" classname="App.Card.CardPointTest" file="/home/teophil/dbwebb-kurser/mvc/me/report/tests/Card/CardPointTest.php" line="9" assertions="1" time="0.002869"/>
        <testcase name="testSetAndGetAceValue" class="App\Card\CardPointTest" classname="App.Card.CardPointTest" file="/home/teophil/dbwebb-kurser/mvc/me/report/tests/Card/CardPointTest.php" line="15" assertions="1" time="0.001058"/>
        <testcase name="testGetPoints" class="App\Card\CardPointTest" classname="App.Card.CardPointTest" file="/home/teophil/dbwebb-kurser/mvc/me/report/tests/Card/CardPointTest.php" line="22" assertions="4" time="0.000583"/>
      </testsuite>
      <testsuite name="App\Card\CardTest" file="/home/teophil/dbwebb-kurser/mvc/me/report/tests/Card/CardTest.php" tests="5" assertions="10" errors="0" warnings="0" failures="0" skipped="0" time="0.005353">
        <testcase name="testCreateObject" class="App\Card\CardTest" classname="App.Card.CardTest" file="/home/teophil/dbwebb-kurser/mvc/me/report/tests/Card/CardTest.php" line="10" assertions="1" time="0.000569"/>
        <testcase name="testDrawCard" class="App\Card\CardTest" classname="App.Card.CardTest" file="/home/teophil/dbwebb-kurser/mvc/me/report/tests/Card/CardTest.php" line="16" assertions="2" time="0.001404"/>
        <testcase name="testGetCard" class="App\Card\CardTest" classname="App.Card.CardTest" file="/home/teophil/dbwebb-kurser/mvc/me/report/tests/Card/CardTest.php" line="24" assertions="4" time="0.001467"/>
        <testcase name="testGetAsString" class="App\Card\CardTest" classname="App.Card.CardTest" file="/home/teophil/dbwebb-kurser/mvc/me/report/tests/Card/CardTest.php" line="34" assertions="1" time="0.000607"/>
        <testcase name="testSetAceValue" class="App\Card\CardTest" classname="App.Card.CardTest" file="/home/teophil/dbwebb-kurser/mvc/me/report/tests/Card/CardTest.php" line="42" assertions="2" time="0.001306"/>
      </testsuite>
      <testsuite name="App\Card\DeckOfCardTest" file="/home/teophil/dbwebb-kurser/mvc/me/report/tests/Card/DeckOfCardTest.php" tests="8" assertions="9" errors="0" warnings="0" failures="0" skipped="0" time="0.216375">
        <testcase name="testCreateDeck" class="App\Card\DeckOfCardTest" classname="App.Card.DeckOfCardTest" file="/home/teophil/dbwebb-kurser/mvc/me/report/tests/Card/DeckOfCardTest.php" line="10" assertions="2" time="0.001908"/>
        <testcase name="testShuffle" class="App\Card\DeckOfCardTest" classname="App.Card.DeckOfCardTest" file="/home/teophil/dbwebb-kurser/mvc/me/report/tests/Card/DeckOfCardTest.php" line="20" assertions="1" time="0.208383"/>
        <testcase name="testSetDeck" class="App\Card\DeckOfCardTest" classname="App.Card.DeckOfCardTest" file="/home/teophil/dbwebb-kurser/mvc/me/report/tests/Card/DeckOfCardTest.php" line="32" assertions="1" time="0.000431"/>
        <testcase name="testDrawnCard" class="App\Card\DeckOfCardTest" classname="App.Card.DeckOfCardTest" file="/home/teophil/dbwebb-kurser/mvc/me/report/tests/Card/DeckOfCardTest.php" line="43" assertions="1" time="0.000522"/>
        <testcase name="testDrawnCards" class="App\Card\DeckOfCardTest" classname="App.Card.DeckOfCardTest" file="/home/teophil/dbwebb-kurser/mvc/me/report/tests/Card/DeckOfCardTest.php" line="53" assertions="1" time="0.000579"/>
        <testcase name="testDrawnWhenEmpty" class="App\Card\DeckOfCardTest" classname="App.Card.DeckOfCardTest" file="/home/teophil/dbwebb-kurser/mvc/me/report/tests/Card/DeckOfCardTest.php" line="64" assertions="1" time="0.000278"/>
        <testcase name="testGetString" class="App\Card\DeckOfCardTest" classname="App.Card.DeckOfCardTest" file="/home/teophil/dbwebb-kurser/mvc/me/report/tests/Card/DeckOfCardTest.php" line="72" assertions="1" time="0.000640"/>
        <testcase name="testIsCardNotPresent" class="App\Card\DeckOfCardTest" classname="App.Card.DeckOfCardTest" file="/home/teophil/dbwebb-kurser/mvc/me/report/tests/Card/DeckOfCardTest.php" line="85" assertions="1" time="0.003635"/>
      </testsuite>
      <testsuite name="App\Card\Game21Test" file="/home/teophil/dbwebb-kurser/mvc/me/report/tests/Card/Game21Test.php" tests="4" assertions="6" errors="0" warnings="0" failures="0" skipped="0" time="0.006985">
        <testcase name="testConstructor" class="App\Card\Game21Test" classname="App.Card.Game21Test" file="/home/teophil/dbwebb-kurser/mvc/me/report/tests/Card/Game21Test.php" line="9" assertions="3" time="0.001890"/>
        <testcase name="testGetDeck" class="App\Card\Game21Test" classname="App.Card.Game21Test" file="/home/teophil/dbwebb-kurser/mvc/me/report/tests/Card/Game21Test.php" line="20" assertions="1" time="0.000823"/>
        <testcase name="testGetPlayer" class="App\Card\Game21Test" classname="App.Card.Game21Test" file="/home/teophil/dbwebb-kurser/mvc/me/report/tests/Card/Game21Test.php" line="28" assertions="1" time="0.000859"/>
        <testcase name="testGetDealer" class="App\Card\Game21Test" classname="App.Card.Game21Test" file="/home/teophil/dbwebb-kurser/mvc/me/report/tests/Card/Game21Test.php" line="36" assertions="1" time="0.003413"/>
      </testsuite>
      <testsuite name="App\Card\GameFlashTest" file="/home/teophil/dbwebb-kurser/mvc/me/report/tests/Card/GameFlashTest.php" tests="3" assertions="9" errors="0" warnings="0" failures="0" skipped="0" time="0.008497">
        <testcase name="testSetFlashPlayerWins" class="App\Card\GameFlashTest" classname="App.Card.GameFlashTest" file="/home/teophil/dbwebb-kurser/mvc/me/report/tests/Card/GameFlashTest.php" line="9" assertions="3" time="0.005318"/>
        <testcase name="testSetFlashDealerWins" class="App\Card\GameFlashTest" classname="App.Card.GameFlashTest" file="/home/teophil/dbwebb-kurser/mvc/me/report/tests/Card/GameFlashTest.php" line="22" assertions="3" time="0.001122"/>
        <testcase name="testSetFlashPlayerLoses" class="App\Card\GameFlashTest" classname="App.Card.GameFlashTest" file="/home/teophil/dbwebb-kurser/mvc/me/report/tests/Card/GameFlashTest.php" line="34" assertions="3" time="0.002057"/>
      </testsuite>
      <testsuite name="App\Card\PlayerTest" file="/home/teophil/dbwebb-kurser/mvc/me/report/tests/Card/PlayerTest.php" tests="4" assertions="4" errors="0" warnings="0" failures="0" skipped="0" time="0.008484">
        <testcase name="testCreateObject" class="App\Card\PlayerTest" classname="App.Card.PlayerTest" file="/home/teophil/dbwebb-kurser/mvc/me/report/tests/Card/PlayerTest.php" line="11" assertions="1" time="0.000903"/>
        <testcase name="testHit" class="App\Card\PlayerTest" classname="App.Card.PlayerTest" file="/home/teophil/dbwebb-kurser/mvc/me/report/tests/Card/PlayerTest.php" line="17" assertions="1" time="0.002795"/>
        <testcase name="testGetScore" class="App\Card\PlayerTest" classname="App.Card.PlayerTest" file="/home/teophil/dbwebb-kurser/mvc/me/report/tests/Card/PlayerTest.php" line="25" assertions="1" time="0.003028"/>
        <testcase name="testGetString" class="App\Card\PlayerTest" classname="App.Card.PlayerTest" file="/home/teophil/dbwebb-kurser/mvc/me/report/tests/Card/PlayerTest.php" line="39" assertions="1" time="0.001758"/>
      </testsuite>
      <testsuite name="App\Entity\BookTest" file="/home/teophil/dbwebb-kurser/mvc/me/report/tests/Entity/BookTest.php" tests="5" assertions="9" errors="0" warnings="0" failures="0" skipped="0" time="0.005993">
        <testcase name="testId" class="App\Entity\BookTest" classname="App.Entity.BookTest" file="/home/teophil/dbwebb-kurser/mvc/me/report/tests/Entity/BookTest.php" line="10" assertions="1" time="0.002600"/>
        <testcase name="testName" class="App\Entity\BookTest" classname="App.Entity.BookTest" file="/home/teophil/dbwebb-kurser/mvc/me/report/tests/Entity/BookTest.php" line="16" assertions="2" time="0.000642"/>
        <testcase name="testAuthor" class="App\Entity\BookTest" classname="App.Entity.BookTest" file="/home/teophil/dbwebb-kurser/mvc/me/report/tests/Entity/BookTest.php" line="25" assertions="2" time="0.001098"/>
        <testcase name="testIsbn" class="App\Entity\BookTest" classname="App.Entity.BookTest" file="/home/teophil/dbwebb-kurser/mvc/me/report/tests/Entity/BookTest.php" line="34" assertions="2" time="0.000999"/>
        <testcase name="testImg" class="App\Entity\BookTest" classname="App.Entity.BookTest" file="/home/teophil/dbwebb-kurser/mvc/me/report/tests/Entity/BookTest.php" line="43" assertions="2" time="0.000654"/>
      </testsuite>
    </testsuite>
  </testsuite>
</testsuites>
