<?xml version="1.0" encoding="UTF-8"?>
<testsuites>
  <testsuite name="" tests="34" assertions="57" errors="0" warnings="0" failures="0" skipped="0" time="0.177439">
    <testsuite name="Project Test Suite" tests="34" assertions="57" errors="0" warnings="0" failures="0" skipped="0" time="0.177439">
      <testsuite name="App\Card\CardGraphicTest" file="/home/teophil/dbwebb-kurser/mvc/me/report/tests/Card/CardGraphicTest.php" tests="2" assertions="5" errors="0" warnings="0" failures="0" skipped="0" time="0.008039">
        <testcase name="testCreateObject" class="App\Card\CardGraphicTest" classname="App.Card.CardGraphicTest" file="/home/teophil/dbwebb-kurser/mvc/me/report/tests/Card/CardGraphicTest.php" line="9" assertions="1" time="0.007241"/>
        <testcase name="testGetAsString" class="App\Card\CardGraphicTest" classname="App.Card.CardGraphicTest" file="/home/teophil/dbwebb-kurser/mvc/me/report/tests/Card/CardGraphicTest.php" line="15" assertions="4" time="0.000798"/>
      </testsuite>
      <testsuite name="App\Card\CardHandTest" file="/home/teophil/dbwebb-kurser/mvc/me/report/tests/Card/CardHandTest.php" tests="5" assertions="8" errors="0" warnings="0" failures="0" skipped="0" time="0.003885">
        <testcase name="testCreateObject" class="App\Card\CardHandTest" classname="App.Card.CardHandTest" file="/home/teophil/dbwebb-kurser/mvc/me/report/tests/Card/CardHandTest.php" line="9" assertions="1" time="0.000666"/>
        <testcase name="testAddCard" class="App\Card\CardHandTest" classname="App.Card.CardHandTest" file="/home/teophil/dbwebb-kurser/mvc/me/report/tests/Card/CardHandTest.php" line="15" assertions="1" time="0.000733"/>
        <testcase name="testDrawCard" class="App\Card\CardHandTest" classname="App.Card.CardHandTest" file="/home/teophil/dbwebb-kurser/mvc/me/report/tests/Card/CardHandTest.php" line="25" assertions="4" time="0.001901"/>
        <testcase name="testGetNumberOfCards" class="App\Card\CardHandTest" classname="App.Card.CardHandTest" file="/home/teophil/dbwebb-kurser/mvc/me/report/tests/Card/CardHandTest.php" line="39" assertions="1" time="0.000290"/>
        <testcase name="testGetString" class="App\Card\CardHandTest" classname="App.Card.CardHandTest" file="/home/teophil/dbwebb-kurser/mvc/me/report/tests/Card/CardHandTest.php" line="49" assertions="1" time="0.000295"/>
      </testsuite>
      <testsuite name="App\Card\CardPointTest" file="/home/teophil/dbwebb-kurser/mvc/me/report/tests/Card/CardPointTest.php" tests="3" assertions="6" errors="0" warnings="0" failures="0" skipped="0" time="0.001413">
        <testcase name="testCreateObject" class="App\Card\CardPointTest" classname="App.Card.CardPointTest" file="/home/teophil/dbwebb-kurser/mvc/me/report/tests/Card/CardPointTest.php" line="9" assertions="1" time="0.000772"/>
        <testcase name="testSetAndGetAceValue" class="App\Card\CardPointTest" classname="App.Card.CardPointTest" file="/home/teophil/dbwebb-kurser/mvc/me/report/tests/Card/CardPointTest.php" line="15" assertions="1" time="0.000293"/>
        <testcase name="testGetPoints" class="App\Card\CardPointTest" classname="App.Card.CardPointTest" file="/home/teophil/dbwebb-kurser/mvc/me/report/tests/Card/CardPointTest.php" line="22" assertions="4" time="0.000349"/>
      </testsuite>
      <testsuite name="App\Card\CardTest" file="/home/teophil/dbwebb-kurser/mvc/me/report/tests/Card/CardTest.php" tests="5" assertions="10" errors="0" warnings="0" failures="0" skipped="0" time="0.003407">
        <testcase name="testCreateObject" class="App\Card\CardTest" classname="App.Card.CardTest" file="/home/teophil/dbwebb-kurser/mvc/me/report/tests/Card/CardTest.php" line="10" assertions="1" time="0.000322"/>
        <testcase name="testDrawCard" class="App\Card\CardTest" classname="App.Card.CardTest" file="/home/teophil/dbwebb-kurser/mvc/me/report/tests/Card/CardTest.php" line="16" assertions="2" time="0.000789"/>
        <testcase name="testGetCard" class="App\Card\CardTest" classname="App.Card.CardTest" file="/home/teophil/dbwebb-kurser/mvc/me/report/tests/Card/CardTest.php" line="24" assertions="4" time="0.001223"/>
        <testcase name="testGetAsString" class="App\Card\CardTest" classname="App.Card.CardTest" file="/home/teophil/dbwebb-kurser/mvc/me/report/tests/Card/CardTest.php" line="34" assertions="1" time="0.000363"/>
        <testcase name="testSetAceValue" class="App\Card\CardTest" classname="App.Card.CardTest" file="/home/teophil/dbwebb-kurser/mvc/me/report/tests/Card/CardTest.php" line="42" assertions="2" time="0.000710"/>
      </testsuite>
      <testsuite name="App\Card\DeckOfCardTest" file="/home/teophil/dbwebb-kurser/mvc/me/report/tests/Card/DeckOfCardTest.php" tests="8" assertions="9" errors="0" warnings="0" failures="0" skipped="0" time="0.154927">
        <testcase name="testCreateDeck" class="App\Card\DeckOfCardTest" classname="App.Card.DeckOfCardTest" file="/home/teophil/dbwebb-kurser/mvc/me/report/tests/Card/DeckOfCardTest.php" line="9" assertions="2" time="0.001089"/>
        <testcase name="testShuffle" class="App\Card\DeckOfCardTest" classname="App.Card.DeckOfCardTest" file="/home/teophil/dbwebb-kurser/mvc/me/report/tests/Card/DeckOfCardTest.php" line="19" assertions="1" time="0.150926"/>
        <testcase name="testSetDeck" class="App\Card\DeckOfCardTest" classname="App.Card.DeckOfCardTest" file="/home/teophil/dbwebb-kurser/mvc/me/report/tests/Card/DeckOfCardTest.php" line="31" assertions="1" time="0.000325"/>
        <testcase name="testDrawnCard" class="App\Card\DeckOfCardTest" classname="App.Card.DeckOfCardTest" file="/home/teophil/dbwebb-kurser/mvc/me/report/tests/Card/DeckOfCardTest.php" line="42" assertions="1" time="0.000452"/>
        <testcase name="testDrawnCards" class="App\Card\DeckOfCardTest" classname="App.Card.DeckOfCardTest" file="/home/teophil/dbwebb-kurser/mvc/me/report/tests/Card/DeckOfCardTest.php" line="52" assertions="1" time="0.000496"/>
        <testcase name="testDrawnWhenEmpty" class="App\Card\DeckOfCardTest" classname="App.Card.DeckOfCardTest" file="/home/teophil/dbwebb-kurser/mvc/me/report/tests/Card/DeckOfCardTest.php" line="63" assertions="1" time="0.000270"/>
        <testcase name="testGetString" class="App\Card\DeckOfCardTest" classname="App.Card.DeckOfCardTest" file="/home/teophil/dbwebb-kurser/mvc/me/report/tests/Card/DeckOfCardTest.php" line="71" assertions="1" time="0.000517"/>
        <testcase name="testIsCardNotPresent" class="App\Card\DeckOfCardTest" classname="App.Card.DeckOfCardTest" file="/home/teophil/dbwebb-kurser/mvc/me/report/tests/Card/DeckOfCardTest.php" line="84" assertions="1" time="0.000853"/>
      </testsuite>
      <testsuite name="App\Card\Game21Test" file="/home/teophil/dbwebb-kurser/mvc/me/report/tests/Card/Game21Test.php" tests="4" assertions="6" errors="0" warnings="0" failures="0" skipped="0" time="0.002603">
        <testcase name="testConstructor" class="App\Card\Game21Test" classname="App.Card.Game21Test" file="/home/teophil/dbwebb-kurser/mvc/me/report/tests/Card/Game21Test.php" line="9" assertions="3" time="0.001184"/>
        <testcase name="testGetDeck" class="App\Card\Game21Test" classname="App.Card.Game21Test" file="/home/teophil/dbwebb-kurser/mvc/me/report/tests/Card/Game21Test.php" line="20" assertions="1" time="0.000501"/>
        <testcase name="testGetPlayer" class="App\Card\Game21Test" classname="App.Card.Game21Test" file="/home/teophil/dbwebb-kurser/mvc/me/report/tests/Card/Game21Test.php" line="28" assertions="1" time="0.000462"/>
        <testcase name="testGetDealer" class="App\Card\Game21Test" classname="App.Card.Game21Test" file="/home/teophil/dbwebb-kurser/mvc/me/report/tests/Card/Game21Test.php" line="36" assertions="1" time="0.000455"/>
      </testsuite>
      <testsuite name="App\Card\GameFlashTest" file="/home/teophil/dbwebb-kurser/mvc/me/report/tests/Card/GameFlashTest.php" tests="3" assertions="9" errors="0" warnings="0" failures="0" skipped="0" time="0.001601">
        <testcase name="testSetFlashPlayerWins" class="App\Card\GameFlashTest" classname="App.Card.GameFlashTest" file="/home/teophil/dbwebb-kurser/mvc/me/report/tests/Card/GameFlashTest.php" line="9" assertions="3" time="0.000799"/>
        <testcase name="testSetFlashDealerWins" class="App\Card\GameFlashTest" classname="App.Card.GameFlashTest" file="/home/teophil/dbwebb-kurser/mvc/me/report/tests/Card/GameFlashTest.php" line="22" assertions="3" time="0.000315"/>
        <testcase name="testSetFlashPlayerLoses" class="App\Card\GameFlashTest" classname="App.Card.GameFlashTest" file="/home/teophil/dbwebb-kurser/mvc/me/report/tests/Card/GameFlashTest.php" line="34" assertions="3" time="0.000486"/>
      </testsuite>
      <testsuite name="App\Card\PlayerTest" file="/home/teophil/dbwebb-kurser/mvc/me/report/tests/Card/PlayerTest.php" tests="4" assertions="4" errors="0" warnings="0" failures="0" skipped="0" time="0.001563">
        <testcase name="testCreateObject" class="App\Card\PlayerTest" classname="App.Card.PlayerTest" file="/home/teophil/dbwebb-kurser/mvc/me/report/tests/Card/PlayerTest.php" line="9" assertions="1" time="0.000278"/>
        <testcase name="testHit" class="App\Card\PlayerTest" classname="App.Card.PlayerTest" file="/home/teophil/dbwebb-kurser/mvc/me/report/tests/Card/PlayerTest.php" line="15" assertions="1" time="0.000284"/>
        <testcase name="testGetScore" class="App\Card\PlayerTest" classname="App.Card.PlayerTest" file="/home/teophil/dbwebb-kurser/mvc/me/report/tests/Card/PlayerTest.php" line="23" assertions="1" time="0.000480"/>
        <testcase name="testGetString" class="App\Card\PlayerTest" classname="App.Card.PlayerTest" file="/home/teophil/dbwebb-kurser/mvc/me/report/tests/Card/PlayerTest.php" line="37" assertions="1" time="0.000521"/>
      </testsuite>
    </testsuite>
  </testsuite>
</testsuites>
