<?xml version="1.0" encoding="UTF-8"?>
<testsuites>
  <testsuite name="" tests="75" assertions="130" errors="0" warnings="0" failures="0" skipped="0" time="0.351641">
    <testsuite name="Project Test Suite" tests="75" assertions="130" errors="0" warnings="0" failures="0" skipped="0" time="0.351641">
      <testsuite name="App\Blackjack\BlackjackGameTest" file="/home/teophil/dbwebb-kurser/mvc/me/report/tests/Blackjack/BlackjackGameTest.php" tests="14" assertions="23" errors="0" warnings="0" failures="0" skipped="0" time="0.034055">
        <testcase name="testGameInitialization" class="App\Blackjack\BlackjackGameTest" classname="App.Blackjack.BlackjackGameTest" file="/home/teophil/dbwebb-kurser/mvc/me/report/tests/Blackjack/BlackjackGameTest.php" line="9" assertions="4" time="0.021185"/>
        <testcase name="testIsBust" class="App\Blackjack\BlackjackGameTest" classname="App.Blackjack.BlackjackGameTest" file="/home/teophil/dbwebb-kurser/mvc/me/report/tests/Blackjack/BlackjackGameTest.php" line="20" assertions="1" time="0.001039"/>
        <testcase name="testDealerPlay" class="App\Blackjack\BlackjackGameTest" classname="App.Blackjack.BlackjackGameTest" file="/home/teophil/dbwebb-kurser/mvc/me/report/tests/Blackjack/BlackjackGameTest.php" line="33" assertions="2" time="0.003308"/>
        <testcase name="testStand" class="App\Blackjack\BlackjackGameTest" classname="App.Blackjack.BlackjackGameTest" file="/home/teophil/dbwebb-kurser/mvc/me/report/tests/Blackjack/BlackjackGameTest.php" line="44" assertions="1" time="0.000641"/>
        <testcase name="testPlayerStatus" class="App\Blackjack\BlackjackGameTest" classname="App.Blackjack.BlackjackGameTest" file="/home/teophil/dbwebb-kurser/mvc/me/report/tests/Blackjack/BlackjackGameTest.php" line="55" assertions="1" time="0.000899"/>
        <testcase name="testPlayerStatusf" class="App\Blackjack\BlackjackGameTest" classname="App.Blackjack.BlackjackGameTest" file="/home/teophil/dbwebb-kurser/mvc/me/report/tests/Blackjack/BlackjackGameTest.php" line="69" assertions="1" time="0.001218"/>
        <testcase name="testReset" class="App\Blackjack\BlackjackGameTest" classname="App.Blackjack.BlackjackGameTest" file="/home/teophil/dbwebb-kurser/mvc/me/report/tests/Blackjack/BlackjackGameTest.php" line="85" assertions="5" time="0.000863"/>
        <testcase name="testRemovePlayer" class="App\Blackjack\BlackjackGameTest" classname="App.Blackjack.BlackjackGameTest" file="/home/teophil/dbwebb-kurser/mvc/me/report/tests/Blackjack/BlackjackGameTest.php" line="102" assertions="2" time="0.000481"/>
        <testcase name="testplayerbust" class="App\Blackjack\BlackjackGameTest" classname="App.Blackjack.BlackjackGameTest" file="/home/teophil/dbwebb-kurser/mvc/me/report/tests/Blackjack/BlackjackGameTest.php" line="113" assertions="1" time="0.000780"/>
        <testcase name="testdealerbust" class="App\Blackjack\BlackjackGameTest" classname="App.Blackjack.BlackjackGameTest" file="/home/teophil/dbwebb-kurser/mvc/me/report/tests/Blackjack/BlackjackGameTest.php" line="133" assertions="1" time="0.000974"/>
        <testcase name="testplayerwin" class="App\Blackjack\BlackjackGameTest" classname="App.Blackjack.BlackjackGameTest" file="/home/teophil/dbwebb-kurser/mvc/me/report/tests/Blackjack/BlackjackGameTest.php" line="153" assertions="1" time="0.000607"/>
        <testcase name="testplayerlose" class="App\Blackjack\BlackjackGameTest" classname="App.Blackjack.BlackjackGameTest" file="/home/teophil/dbwebb-kurser/mvc/me/report/tests/Blackjack/BlackjackGameTest.php" line="172" assertions="1" time="0.000573"/>
        <testcase name="testGetResults_PlayerDraws" class="App\Blackjack\BlackjackGameTest" classname="App.Blackjack.BlackjackGameTest" file="/home/teophil/dbwebb-kurser/mvc/me/report/tests/Blackjack/BlackjackGameTest.php" line="191" assertions="1" time="0.000785"/>
        <testcase name="testToString" class="App\Blackjack\BlackjackGameTest" classname="App.Blackjack.BlackjackGameTest" file="/home/teophil/dbwebb-kurser/mvc/me/report/tests/Blackjack/BlackjackGameTest.php" line="210" assertions="1" time="0.000702"/>
      </testsuite>
      <testsuite name="App\Blackjack\CardGraphicTest" file="/home/teophil/dbwebb-kurser/mvc/me/report/tests/Blackjack/CardGraphicTest.php" tests="2" assertions="5" errors="0" warnings="0" failures="0" skipped="0" time="0.001965">
        <testcase name="testCardGraphicCreation" class="App\Blackjack\CardGraphicTest" classname="App.Blackjack.CardGraphicTest" file="/home/teophil/dbwebb-kurser/mvc/me/report/tests/Blackjack/CardGraphicTest.php" line="9" assertions="3" time="0.001581"/>
        <testcase name="testString" class="App\Blackjack\CardGraphicTest" classname="App.Blackjack.CardGraphicTest" file="/home/teophil/dbwebb-kurser/mvc/me/report/tests/Blackjack/CardGraphicTest.php" line="17" assertions="2" time="0.000384"/>
      </testsuite>
      <testsuite name="App\Blackjack\CardTest" file="/home/teophil/dbwebb-kurser/mvc/me/report/tests/Blackjack/CardTest.php" tests="4" assertions="6" errors="0" warnings="0" failures="0" skipped="0" time="0.001827">
        <testcase name="testCardCreation" class="App\Blackjack\CardTest" classname="App.Blackjack.CardTest" file="/home/teophil/dbwebb-kurser/mvc/me/report/tests/Blackjack/CardTest.php" line="10" assertions="3" time="0.000453"/>
        <testcase name="testGetValueFace" class="App\Blackjack\CardTest" classname="App.Blackjack.CardTest" file="/home/teophil/dbwebb-kurser/mvc/me/report/tests/Blackjack/CardTest.php" line="18" assertions="1" time="0.000390"/>
        <testcase name="testGetValueAce" class="App\Blackjack\CardTest" classname="App.Blackjack.CardTest" file="/home/teophil/dbwebb-kurser/mvc/me/report/tests/Blackjack/CardTest.php" line="24" assertions="1" time="0.000462"/>
        <testcase name="testGetValueNumb" class="App\Blackjack\CardTest" classname="App.Blackjack.CardTest" file="/home/teophil/dbwebb-kurser/mvc/me/report/tests/Blackjack/CardTest.php" line="30" assertions="1" time="0.000522"/>
      </testsuite>
      <testsuite name="App\Blackjack\DeckTest" file="/home/teophil/dbwebb-kurser/mvc/me/report/tests/Blackjack/DeckTest.php" tests="2" assertions="3" errors="0" warnings="0" failures="0" skipped="0" time="0.121228">
        <testcase name="testDeck" class="App\Blackjack\DeckTest" classname="App.Blackjack.DeckTest" file="/home/teophil/dbwebb-kurser/mvc/me/report/tests/Blackjack/DeckTest.php" line="9" assertions="1" time="0.120778"/>
        <testcase name="testDraw" class="App\Blackjack\DeckTest" classname="App.Blackjack.DeckTest" file="/home/teophil/dbwebb-kurser/mvc/me/report/tests/Blackjack/DeckTest.php" line="27" assertions="2" time="0.000450"/>
      </testsuite>
      <testsuite name="App\Blackjack\HandTest" file="/home/teophil/dbwebb-kurser/mvc/me/report/tests/Blackjack/HandTest.php" tests="6" assertions="9" errors="0" warnings="0" failures="0" skipped="0" time="0.002370">
        <testcase name="testAddCard" class="App\Blackjack\HandTest" classname="App.Blackjack.HandTest" file="/home/teophil/dbwebb-kurser/mvc/me/report/tests/Blackjack/HandTest.php" line="9" assertions="2" time="0.000816"/>
        <testcase name="testClearHand" class="App\Blackjack\HandTest" classname="App.Blackjack.HandTest" file="/home/teophil/dbwebb-kurser/mvc/me/report/tests/Blackjack/HandTest.php" line="26" assertions="1" time="0.000302"/>
        <testcase name="testGetValue" class="App\Blackjack\HandTest" classname="App.Blackjack.HandTest" file="/home/teophil/dbwebb-kurser/mvc/me/report/tests/Blackjack/HandTest.php" line="44" assertions="1" time="0.000299"/>
        <testcase name="testGetValueAce" class="App\Blackjack\HandTest" classname="App.Blackjack.HandTest" file="/home/teophil/dbwebb-kurser/mvc/me/report/tests/Blackjack/HandTest.php" line="55" assertions="2" time="0.000316"/>
        <testcase name="testGetValueAces" class="App\Blackjack\HandTest" classname="App.Blackjack.HandTest" file="/home/teophil/dbwebb-kurser/mvc/me/report/tests/Blackjack/HandTest.php" line="71" assertions="2" time="0.000329"/>
        <testcase name="testString" class="App\Blackjack\HandTest" classname="App.Blackjack.HandTest" file="/home/teophil/dbwebb-kurser/mvc/me/report/tests/Blackjack/HandTest.php" line="89" assertions="1" time="0.000309"/>
      </testsuite>
      <testsuite name="App\Blackjack\PlayerTest" file="/home/teophil/dbwebb-kurser/mvc/me/report/tests/Blackjack/PlayerTest.php" tests="8" assertions="18" errors="0" warnings="0" failures="0" skipped="0" time="0.002460">
        <testcase name="testCreate" class="App\Blackjack\PlayerTest" classname="App.Blackjack.PlayerTest" file="/home/teophil/dbwebb-kurser/mvc/me/report/tests/Blackjack/PlayerTest.php" line="9" assertions="6" time="0.000315"/>
        <testcase name="testPlaceBet" class="App\Blackjack\PlayerTest" classname="App.Blackjack.PlayerTest" file="/home/teophil/dbwebb-kurser/mvc/me/report/tests/Blackjack/PlayerTest.php" line="20" assertions="2" time="0.000317"/>
        <testcase name="testWinBet" class="App\Blackjack\PlayerTest" classname="App.Blackjack.PlayerTest" file="/home/teophil/dbwebb-kurser/mvc/me/report/tests/Blackjack/PlayerTest.php" line="28" assertions="2" time="0.000381"/>
        <testcase name="testLoseBet" class="App\Blackjack\PlayerTest" classname="App.Blackjack.PlayerTest" file="/home/teophil/dbwebb-kurser/mvc/me/report/tests/Blackjack/PlayerTest.php" line="37" assertions="2" time="0.000278"/>
        <testcase name="testDrawBet" class="App\Blackjack\PlayerTest" classname="App.Blackjack.PlayerTest" file="/home/teophil/dbwebb-kurser/mvc/me/report/tests/Blackjack/PlayerTest.php" line="46" assertions="2" time="0.000277"/>
        <testcase name="testStand" class="App\Blackjack\PlayerTest" classname="App.Blackjack.PlayerTest" file="/home/teophil/dbwebb-kurser/mvc/me/report/tests/Blackjack/PlayerTest.php" line="55" assertions="1" time="0.000277"/>
        <testcase name="testReset" class="App\Blackjack\PlayerTest" classname="App.Blackjack.PlayerTest" file="/home/teophil/dbwebb-kurser/mvc/me/report/tests/Blackjack/PlayerTest.php" line="62" assertions="2" time="0.000287"/>
        <testcase name="testString" class="App\Blackjack\PlayerTest" classname="App.Blackjack.PlayerTest" file="/home/teophil/dbwebb-kurser/mvc/me/report/tests/Blackjack/PlayerTest.php" line="73" assertions="1" time="0.000327"/>
      </testsuite>
      <testsuite name="App\Card\CardGraphicTest" file="/home/teophil/dbwebb-kurser/mvc/me/report/tests/Card/CardGraphicTest.php" tests="2" assertions="5" errors="0" warnings="0" failures="0" skipped="0" time="0.002049">
        <testcase name="testCreateObject" class="App\Card\CardGraphicTest" classname="App.Card.CardGraphicTest" file="/home/teophil/dbwebb-kurser/mvc/me/report/tests/Card/CardGraphicTest.php" line="9" assertions="1" time="0.001321"/>
        <testcase name="testGetAsString" class="App\Card\CardGraphicTest" classname="App.Card.CardGraphicTest" file="/home/teophil/dbwebb-kurser/mvc/me/report/tests/Card/CardGraphicTest.php" line="15" assertions="4" time="0.000728"/>
      </testsuite>
      <testsuite name="App\Card\CardHandTest" file="/home/teophil/dbwebb-kurser/mvc/me/report/tests/Card/CardHandTest.php" tests="5" assertions="8" errors="0" warnings="0" failures="0" skipped="0" time="0.002512">
        <testcase name="testCreateObject" class="App\Card\CardHandTest" classname="App.Card.CardHandTest" file="/home/teophil/dbwebb-kurser/mvc/me/report/tests/Card/CardHandTest.php" line="9" assertions="1" time="0.000951"/>
        <testcase name="testAddCard" class="App\Card\CardHandTest" classname="App.Card.CardHandTest" file="/home/teophil/dbwebb-kurser/mvc/me/report/tests/Card/CardHandTest.php" line="15" assertions="1" time="0.000318"/>
        <testcase name="testDrawCard" class="App\Card\CardHandTest" classname="App.Card.CardHandTest" file="/home/teophil/dbwebb-kurser/mvc/me/report/tests/Card/CardHandTest.php" line="25" assertions="4" time="0.000663"/>
        <testcase name="testGetNumberOfCards" class="App\Card\CardHandTest" classname="App.Card.CardHandTest" file="/home/teophil/dbwebb-kurser/mvc/me/report/tests/Card/CardHandTest.php" line="39" assertions="1" time="0.000288"/>
        <testcase name="testGetString" class="App\Card\CardHandTest" classname="App.Card.CardHandTest" file="/home/teophil/dbwebb-kurser/mvc/me/report/tests/Card/CardHandTest.php" line="49" assertions="1" time="0.000291"/>
      </testsuite>
      <testsuite name="App\Card\CardPointTest" file="/home/teophil/dbwebb-kurser/mvc/me/report/tests/Card/CardPointTest.php" tests="3" assertions="6" errors="0" warnings="0" failures="0" skipped="0" time="0.001617">
        <testcase name="testCreateObject" class="App\Card\CardPointTest" classname="App.Card.CardPointTest" file="/home/teophil/dbwebb-kurser/mvc/me/report/tests/Card/CardPointTest.php" line="9" assertions="1" time="0.000767"/>
        <testcase name="testSetAndGetAceValue" class="App\Card\CardPointTest" classname="App.Card.CardPointTest" file="/home/teophil/dbwebb-kurser/mvc/me/report/tests/Card/CardPointTest.php" line="15" assertions="1" time="0.000455"/>
        <testcase name="testGetPoints" class="App\Card\CardPointTest" classname="App.Card.CardPointTest" file="/home/teophil/dbwebb-kurser/mvc/me/report/tests/Card/CardPointTest.php" line="22" assertions="4" time="0.000396"/>
      </testsuite>
      <testsuite name="App\Card\CardTest" file="/home/teophil/dbwebb-kurser/mvc/me/report/tests/Card/CardTest.php" tests="5" assertions="10" errors="0" warnings="0" failures="0" skipped="0" time="0.003110">
        <testcase name="testCreateObject" class="App\Card\CardTest" classname="App.Card.CardTest" file="/home/teophil/dbwebb-kurser/mvc/me/report/tests/Card/CardTest.php" line="10" assertions="1" time="0.000329"/>
        <testcase name="testDrawCard" class="App\Card\CardTest" classname="App.Card.CardTest" file="/home/teophil/dbwebb-kurser/mvc/me/report/tests/Card/CardTest.php" line="16" assertions="2" time="0.001129"/>
        <testcase name="testGetCard" class="App\Card\CardTest" classname="App.Card.CardTest" file="/home/teophil/dbwebb-kurser/mvc/me/report/tests/Card/CardTest.php" line="24" assertions="4" time="0.000912"/>
        <testcase name="testGetAsString" class="App\Card\CardTest" classname="App.Card.CardTest" file="/home/teophil/dbwebb-kurser/mvc/me/report/tests/Card/CardTest.php" line="34" assertions="1" time="0.000363"/>
        <testcase name="testSetAceValue" class="App\Card\CardTest" classname="App.Card.CardTest" file="/home/teophil/dbwebb-kurser/mvc/me/report/tests/Card/CardTest.php" line="42" assertions="2" time="0.000377"/>
      </testsuite>
      <testsuite name="App\Card\DeckOfCardTest" file="/home/teophil/dbwebb-kurser/mvc/me/report/tests/Card/DeckOfCardTest.php" tests="8" assertions="9" errors="0" warnings="0" failures="0" skipped="0" time="0.169648">
        <testcase name="testCreateDeck" class="App\Card\DeckOfCardTest" classname="App.Card.DeckOfCardTest" file="/home/teophil/dbwebb-kurser/mvc/me/report/tests/Card/DeckOfCardTest.php" line="10" assertions="2" time="0.001621"/>
        <testcase name="testShuffle" class="App\Card\DeckOfCardTest" classname="App.Card.DeckOfCardTest" file="/home/teophil/dbwebb-kurser/mvc/me/report/tests/Card/DeckOfCardTest.php" line="20" assertions="1" time="0.165395"/>
        <testcase name="testSetDeck" class="App\Card\DeckOfCardTest" classname="App.Card.DeckOfCardTest" file="/home/teophil/dbwebb-kurser/mvc/me/report/tests/Card/DeckOfCardTest.php" line="32" assertions="1" time="0.000330"/>
        <testcase name="testDrawnCard" class="App\Card\DeckOfCardTest" classname="App.Card.DeckOfCardTest" file="/home/teophil/dbwebb-kurser/mvc/me/report/tests/Card/DeckOfCardTest.php" line="43" assertions="1" time="0.000460"/>
        <testcase name="testDrawnCards" class="App\Card\DeckOfCardTest" classname="App.Card.DeckOfCardTest" file="/home/teophil/dbwebb-kurser/mvc/me/report/tests/Card/DeckOfCardTest.php" line="53" assertions="1" time="0.000485"/>
        <testcase name="testDrawnWhenEmpty" class="App\Card\DeckOfCardTest" classname="App.Card.DeckOfCardTest" file="/home/teophil/dbwebb-kurser/mvc/me/report/tests/Card/DeckOfCardTest.php" line="64" assertions="1" time="0.000300"/>
        <testcase name="testGetString" class="App\Card\DeckOfCardTest" classname="App.Card.DeckOfCardTest" file="/home/teophil/dbwebb-kurser/mvc/me/report/tests/Card/DeckOfCardTest.php" line="72" assertions="1" time="0.000515"/>
        <testcase name="testIsCardNotPresent" class="App\Card\DeckOfCardTest" classname="App.Card.DeckOfCardTest" file="/home/teophil/dbwebb-kurser/mvc/me/report/tests/Card/DeckOfCardTest.php" line="85" assertions="1" time="0.000542"/>
      </testsuite>
      <testsuite name="App\Card\Game21Test" file="/home/teophil/dbwebb-kurser/mvc/me/report/tests/Card/Game21Test.php" tests="4" assertions="6" errors="0" warnings="0" failures="0" skipped="0" time="0.002801">
        <testcase name="testConstructor" class="App\Card\Game21Test" classname="App.Card.Game21Test" file="/home/teophil/dbwebb-kurser/mvc/me/report/tests/Card/Game21Test.php" line="9" assertions="3" time="0.001275"/>
        <testcase name="testGetDeck" class="App\Card\Game21Test" classname="App.Card.Game21Test" file="/home/teophil/dbwebb-kurser/mvc/me/report/tests/Card/Game21Test.php" line="20" assertions="1" time="0.000553"/>
        <testcase name="testGetPlayer" class="App\Card\Game21Test" classname="App.Card.Game21Test" file="/home/teophil/dbwebb-kurser/mvc/me/report/tests/Card/Game21Test.php" line="28" assertions="1" time="0.000472"/>
        <testcase name="testGetDealer" class="App\Card\Game21Test" classname="App.Card.Game21Test" file="/home/teophil/dbwebb-kurser/mvc/me/report/tests/Card/Game21Test.php" line="36" assertions="1" time="0.000500"/>
      </testsuite>
      <testsuite name="App\Card\GameFlashTest" file="/home/teophil/dbwebb-kurser/mvc/me/report/tests/Card/GameFlashTest.php" tests="3" assertions="9" errors="0" warnings="0" failures="0" skipped="0" time="0.001382">
        <testcase name="testSetFlashPlayerWins" class="App\Card\GameFlashTest" classname="App.Card.GameFlashTest" file="/home/teophil/dbwebb-kurser/mvc/me/report/tests/Card/GameFlashTest.php" line="9" assertions="3" time="0.000668"/>
        <testcase name="testSetFlashDealerWins" class="App\Card\GameFlashTest" classname="App.Card.GameFlashTest" file="/home/teophil/dbwebb-kurser/mvc/me/report/tests/Card/GameFlashTest.php" line="22" assertions="3" time="0.000315"/>
        <testcase name="testSetFlashPlayerLoses" class="App\Card\GameFlashTest" classname="App.Card.GameFlashTest" file="/home/teophil/dbwebb-kurser/mvc/me/report/tests/Card/GameFlashTest.php" line="34" assertions="3" time="0.000399"/>
      </testsuite>
      <testsuite name="App\Card\PlayerTest" file="/home/teophil/dbwebb-kurser/mvc/me/report/tests/Card/PlayerTest.php" tests="4" assertions="4" errors="0" warnings="0" failures="0" skipped="0" time="0.002799">
        <testcase name="testCreateObject" class="App\Card\PlayerTest" classname="App.Card.PlayerTest" file="/home/teophil/dbwebb-kurser/mvc/me/report/tests/Card/PlayerTest.php" line="11" assertions="1" time="0.000329"/>
        <testcase name="testHit" class="App\Card\PlayerTest" classname="App.Card.PlayerTest" file="/home/teophil/dbwebb-kurser/mvc/me/report/tests/Card/PlayerTest.php" line="17" assertions="1" time="0.000347"/>
        <testcase name="testGetScore" class="App\Card\PlayerTest" classname="App.Card.PlayerTest" file="/home/teophil/dbwebb-kurser/mvc/me/report/tests/Card/PlayerTest.php" line="25" assertions="1" time="0.000634"/>
        <testcase name="testGetString" class="App\Card\PlayerTest" classname="App.Card.PlayerTest" file="/home/teophil/dbwebb-kurser/mvc/me/report/tests/Card/PlayerTest.php" line="39" assertions="1" time="0.001489"/>
      </testsuite>
      <testsuite name="App\Entity\BookTest" file="/home/teophil/dbwebb-kurser/mvc/me/report/tests/Entity/BookTest.php" tests="5" assertions="9" errors="0" warnings="0" failures="0" skipped="0" time="0.001818">
        <testcase name="testId" class="App\Entity\BookTest" classname="App.Entity.BookTest" file="/home/teophil/dbwebb-kurser/mvc/me/report/tests/Entity/BookTest.php" line="10" assertions="1" time="0.000695"/>
        <testcase name="testName" class="App\Entity\BookTest" classname="App.Entity.BookTest" file="/home/teophil/dbwebb-kurser/mvc/me/report/tests/Entity/BookTest.php" line="16" assertions="2" time="0.000296"/>
        <testcase name="testAuthor" class="App\Entity\BookTest" classname="App.Entity.BookTest" file="/home/teophil/dbwebb-kurser/mvc/me/report/tests/Entity/BookTest.php" line="25" assertions="2" time="0.000280"/>
        <testcase name="testIsbn" class="App\Entity\BookTest" classname="App.Entity.BookTest" file="/home/teophil/dbwebb-kurser/mvc/me/report/tests/Entity/BookTest.php" line="34" assertions="2" time="0.000272"/>
        <testcase name="testImg" class="App\Entity\BookTest" classname="App.Entity.BookTest" file="/home/teophil/dbwebb-kurser/mvc/me/report/tests/Entity/BookTest.php" line="43" assertions="2" time="0.000276"/>
      </testsuite>
    </testsuite>
  </testsuite>
</testsuites>
